{"email":"a@a.com","level":"info","message":"[login] Login failed with error","password":"12345678","timestamp":"2025-05-30 08:46:20"}
{"email":"a@a.com","level":"info","message":"[login] Login failed with error","password":"12345678","timestamp":"2025-05-30 08:47:54"}
{"isOperational":true,"level":"info","message":"[Create User] Create User failed with error The username is already taken","stack":"Error: The username is already taken\n    at createUser (D:\\Mohsen Project\\Nodjs-social-media\\api\\api\\user\\user.handler.js:37:19)\n    at process.processTicksAndRejections (node:internal/process/task_queues:105:5)","statusCode":400,"timestamp":"2025-05-31 20:18:48"}
{"isOperational":true,"level":"info","message":"[Create User] Create User failed with error The username is already taken","stack":"Error: The username is already taken\n    at createUser (D:\\Mohsen Project\\Nodjs-social-media\\api\\api\\user\\user.handler.js:37:19)\n    at process.processTicksAndRejections (node:internal/process/task_queues:105:5)","statusCode":400,"timestamp":"2025-05-31 20:19:11"}
{"isOperational":true,"level":"info","message":"[Create User] Create User failed with error The username is already taken","stack":"Error: The username is already taken\n    at createUser (D:\\Mohsen Project\\Nodjs-social-media\\api\\api\\user\\user.handler.js:37:19)\n    at process.processTicksAndRejections (node:internal/process/task_queues:105:5)","statusCode":400,"timestamp":"2025-05-31 20:19:21"}
{"isOperational":true,"level":"info","message":"[Create User] Create User failed with error The username is already taken","stack":"Error: The username is already taken\n    at createUser (D:\\Mohsen Project\\Nodjs-social-media\\api\\api\\user\\user.handler.js:37:19)\n    at process.processTicksAndRejections (node:internal/process/task_queues:105:5)","statusCode":400,"timestamp":"2025-05-31 20:19:23"}
{"isOperational":true,"level":"info","message":"[Create User] Create User failed with error The username is already taken","stack":"Error: The username is already taken\n    at createUser (D:\\Mohsen Project\\Nodjs-social-media\\api\\api\\user\\user.handler.js:37:19)\n    at process.processTicksAndRejections (node:internal/process/task_queues:105:5)","statusCode":400,"timestamp":"2025-05-31 20:22:29"}
{"isOperational":true,"level":"info","message":"[Create User] Create User failed with error The username is already taken","stack":"Error: The username is already taken\n    at createUser (D:\\Mohsen Project\\Nodjs-social-media\\api\\api\\user\\user.handler.js:37:19)\n    at process.processTicksAndRejections (node:internal/process/task_queues:105:5)","statusCode":400,"timestamp":"2025-05-31 20:22:38"}
{"isOperational":true,"level":"info","message":"[Create User] Create User failed with error The username is already taken","stack":"Error: The username is already taken\n    at createUser (D:\\Mohsen Project\\Nodjs-social-media\\api\\api\\user\\user.handler.js:37:19)\n    at process.processTicksAndRejections (node:internal/process/task_queues:105:5)","statusCode":400,"timestamp":"2025-05-31 20:23:15"}
{"isOperational":true,"level":"info","message":"[Create User] Create User failed with error The username is already taken","stack":"Error: The username is already taken\n    at createUser (D:\\Mohsen Project\\Nodjs-social-media\\api\\api\\user\\user.handler.js:37:19)\n    at process.processTicksAndRejections (node:internal/process/task_queues:105:5)","statusCode":400,"timestamp":"2025-05-31 20:25:22"}
{"isOperational":true,"level":"info","message":"[Create User] Create User failed with error The username is already taken","stack":"Error: The username is already taken\n    at createUser (D:\\Mohsen Project\\Nodjs-social-media\\api\\api\\user\\user.handler.js:37:19)\n    at process.processTicksAndRejections (node:internal/process/task_queues:105:5)","statusCode":400,"timestamp":"2025-05-31 20:25:57"}
{"isOperational":true,"level":"info","message":"[Create User] Create User failed with error The username is already taken","stack":"Error: The username is already taken\n    at createUser (D:\\Mohsen Project\\Nodjs-social-media\\api\\api\\user\\user.handler.js:37:19)\n    at process.processTicksAndRejections (node:internal/process/task_queues:105:5)","statusCode":400,"timestamp":"2025-05-31 20:26:02"}
{"isOperational":true,"level":"info","message":"[Create User] Create User failed with error The email is already taken","stack":"Error: The email is already taken\n    at createUser (D:\\Mohsen Project\\Nodjs-social-media\\api\\api\\user\\user.handler.js:41:19)\n    at process.processTicksAndRejections (node:internal/process/task_queues:105:5)","statusCode":400,"timestamp":"2025-05-31 20:27:04"}
{"isOperational":true,"level":"info","message":"[Create User] Create User failed with error The username is already taken","stack":"Error: The username is already taken\n    at createUser (D:\\Mohsen Project\\Nodjs-social-media\\api\\api\\user\\user.handler.js:37:19)\n    at process.processTicksAndRejections (node:internal/process/task_queues:105:5)","statusCode":400,"timestamp":"2025-05-31 20:27:14"}
{"isOperational":true,"level":"info","message":"[Create User] Create User failed with error The email is already taken","stack":"Error: The email is already taken\n    at createUser (D:\\Mohsen Project\\Nodjs-social-media\\api\\api\\user\\user.handler.js:41:19)\n    at process.processTicksAndRejections (node:internal/process/task_queues:105:5)","statusCode":400,"timestamp":"2025-05-31 20:27:20"}
{"level":"info","message":"Create post failed Post is not a function","timestamp":"2025-06-02 11:10:15"}
{"level":"info","message":"Create post failed Post is not a function","timestamp":"2025-06-02 11:18:35"}
{"level":"info","message":"Create post failed Post is not a function","timestamp":"2025-06-02 11:19:01"}
{"level":"info","message":"Create post failed Post is not a function","timestamp":"2025-06-02 11:21:12"}
{"level":"info","message":"Create post failed Post is not a function","timestamp":"2025-06-02 11:21:32"}
{"level":"info","message":"Create post failed Post is not a function","timestamp":"2025-06-02 11:22:13"}
{"level":"info","message":"Create post failed Post is not a function","timestamp":"2025-06-02 11:23:05"}
{"level":"info","message":"Create post failed Post is not a function","timestamp":"2025-06-02 11:24:06"}
{"level":"info","message":"Create post failed Post is not a function","timestamp":"2025-06-02 11:25:34"}
{"level":"info","message":"Create post failed Post is not a function","timestamp":"2025-06-02 11:26:16"}
{"level":"info","message":"Create post failed Post is not a function","timestamp":"2025-06-02 11:28:04"}
{"level":"info","message":"Create post failed Post is not a function","timestamp":"2025-06-02 11:28:18"}
{"level":"info","message":"Create post failed Post is not a function","timestamp":"2025-06-02 11:28:37"}
{"level":"info","message":"Create post failed Post is not a function","timestamp":"2025-06-02 11:30:12"}
{"level":"info","message":"Create post failed Post is not a function","timestamp":"2025-06-02 11:31:15"}
{"level":"info","message":"Create post failed Post is not a function","timestamp":"2025-06-02 11:31:46"}
{"level":"info","message":"Create post failed Post is not a constructor","timestamp":"2025-06-02 11:32:26"}
{"level":"info","message":"[uploadPostImage] Failed with error: Cannot destructure property 'postId' of 'payload' as it is undefined.","timestamp":"2025-06-04 22:37:33"}
{"level":"info","message":"[uploadPostImage] Failed with error: No post with the given id","timestamp":"2025-06-04 22:38:08"}
{"level":"info","message":"[uploadPostImage] Failed with error: No post with the given id","timestamp":"2025-06-04 22:39:49"}
{"level":"info","message":"[uploadPostImage] Failed with error: No post with the given id","timestamp":"2025-06-04 22:40:25"}
{"level":"info","message":"[uploadPostImage] Failed with error: No post with the given id","timestamp":"2025-06-04 22:40:37"}
{"level":"info","message":"[uploadPostImage] Failed with error: No post with the given id","timestamp":"2025-06-04 22:41:31"}
{"level":"info","message":"[uploadPostImage] Failed with error: No post with the given id","timestamp":"2025-06-04 22:41:44"}
{"level":"info","message":"[uploadPostImage] Failed with error: Cannot destructure property 'postId' of 'undefined' as it is undefined.","timestamp":"2025-06-04 22:42:04"}
{"level":"info","message":"[uploadPostImage] Failed with error: No post with the given id","timestamp":"2025-06-04 22:42:30"}
{"level":"info","message":"[uploadPostImage] Failed with error: Cannot read properties of undefined (reading 'buffer')","timestamp":"2025-06-04 22:44:09"}
{"level":"info","message":"[uploadPostImage] Failed with error: Cannot read properties of undefined (reading 'buffer')","timestamp":"2025-06-04 22:50:01"}
{"level":"info","message":"[uploadPostImage] Failed with error: Cannot read properties of undefined (reading 'buffer')","timestamp":"2025-06-04 22:51:51"}
{"level":"info","message":"[uploadPostImage] Failed with error: Cannot read properties of undefined (reading 'buffer')","timestamp":"2025-06-04 22:53:46"}
{"level":"info","message":"[uploadPostImage] Failed with error: Cannot read properties of undefined (reading 'buffer')","timestamp":"2025-06-04 22:54:50"}
{"level":"info","message":"[uploadPostImage] Failed with error: Invalid input","timestamp":"2025-06-04 22:56:32"}
{"level":"info","message":"[uploadPostImage] Failed with error: No file uploaded","timestamp":"2025-06-04 22:59:47"}
{"level":"info","message":"[uploadPostImage] Failed with error: No file uploaded","timestamp":"2025-06-04 23:00:34"}
{"level":"info","message":"[uploadPostImage] Failed with error: Cannot read properties of undefined (reading 'buffer')","timestamp":"2025-06-04 23:01:29"}
{"level":"info","message":"Create comment failed Cast to ObjectId failed for value \"{ postId: '684075aaae9895653e8bd056' }\" (type Object) at path \"postId\" for model \"Comment\"","timestamp":"2025-06-06 06:30:02"}
{"level":"info","message":"[listCommentByPost ] Error Cast to ObjectId failed for value \"{ postId: '684075aaae9895653e8bd056' }\" (type Object) at path \"postId\" for model \"Comment\"","timestamp":"2025-06-06 06:38:48"}
{"level":"info","message":"[listCommentByPost ] Error Cannot read properties of null (reading 'id')","timestamp":"2025-06-06 06:42:10"}
{"level":"info","message":"[listCommentByPost ] Error Cannot read properties of null (reading 'id')","timestamp":"2025-06-06 06:44:41"}
{"level":"info","message":"[listCommentByPost ] Error Cannot read properties of null (reading 'id')","timestamp":"2025-06-06 06:47:55"}
{"level":"info","message":"[listCommentByPost ] Error Cannot read properties of null (reading 'id')","timestamp":"2025-06-06 06:50:12"}
{"level":"info","message":"[listCommentByPost ] Error Cannot read properties of null (reading 'id')","timestamp":"2025-06-06 06:50:43"}
{"level":"info","message":"[listCommentByPost ] Error Cannot read properties of null (reading 'id')","timestamp":"2025-06-06 06:53:21"}
{"level":"info","message":"[listCommentByPost ] Error Cannot read properties of null (reading 'id')","timestamp":"2025-06-06 06:54:23"}
{"level":"info","message":"[listCommentByPost ] Error Cannot read properties of null (reading 'id')","timestamp":"2025-06-06 06:58:01"}
{"level":"info","message":"[listCommentByPost ] Error Cast to ObjectId failed for value \"{ postId: '683deec3d47d2e699a71022c' }\" (type Object) at path \"postId\" for model \"Comment\"","timestamp":"2025-06-06 06:59:32"}
{"level":"info","message":"[listCommentByPost ] Error Cast to ObjectId failed for value \"{ postId: '683deec3d47d2e699a71022c' }\" (type Object) at path \"postId\" for model \"Comment\"","timestamp":"2025-06-06 07:00:14"}
{"level":"info","message":"[listCommentByPost ] Error Cast to ObjectId failed for value \"{ postId: '683deec3d47d2e699a71022c' }\" (type Object) at path \"postId\" for model \"Comment\"","timestamp":"2025-06-06 07:01:45"}
{"level":"info","message":"[listCommentByPost ] Error Cast to ObjectId failed for value \"{ postId: '683deec3d47d2e699a71022c' }\" (type Object) at path \"postId\" for model \"Comment\"","timestamp":"2025-06-06 07:04:01"}
{"level":"info","message":"[listCommentByPost ] Error Cast to ObjectId failed for value \"{ postId: '683deec3d47d2e699a71022c' }\" (type Object) at path \"postId\" for model \"Comment\"","timestamp":"2025-06-06 07:07:18"}
{"level":"info","message":"[listCommentByPost ] Error Cast to ObjectId failed for value \"{ postId: '683deec3d47d2e699a71022c' }\" (type Object) at path \"postId\" for model \"Comment\"","timestamp":"2025-06-06 07:07:31"}
{"level":"info","message":"[listCommentByPost ] Error Cannot read properties of null (reading 'id')","timestamp":"2025-06-06 07:08:06"}
{"level":"info","message":"[listCommentByPost ] Error Cannot read properties of null (reading 'id')","timestamp":"2025-06-06 07:08:36"}
{"level":"info","message":"[listCommentByPost ] Error Cast to ObjectId failed for value \"{ postId: '683deec3d47d2e699a71022c' }\" (type Object) at path \"postId\" for model \"Comment\"","timestamp":"2025-06-06 07:11:41"}
{"level":"info","message":"[deleteComment ] Error getCommentById is not defined","timestamp":"2025-06-10 11:09:44"}
{"level":"info","message":"[deleteComment ] Error Comment doesn't exist","timestamp":"2025-06-10 11:10:22"}
{"level":"info","message":"[deleteComment ] Error Comment doesn't exist","timestamp":"2025-06-10 11:10:59"}
{"level":"info","message":"[deleteComment ] Error Comment doesn't exist","timestamp":"2025-06-10 11:11:23"}
{"level":"info","message":"[deleteComment ] Error Comment doesn't exist","timestamp":"2025-06-10 11:12:14"}
{"level":"info","message":"[deleteComment ] Error comment.remove is not a function","timestamp":"2025-06-10 11:12:42"}
{"level":"info","message":"[deleteComment ] Error Cannot read properties of null (reading '_id')","timestamp":"2025-06-10 11:16:38"}
{"level":"info","message":"[deleteComment ] Error Cannot read properties of null (reading '_id')","timestamp":"2025-06-10 11:18:15"}
{"level":"error","message":"[follow] user instances are not correct","timestamp":"2025-06-12 10:09:23"}
{"level":"info","message":"[followUser] Error: Error in the follow process","timestamp":"2025-06-12 10:09:24"}
{"level":"info","message":"[followUser] Error: unfollowUserAndUpdate is not defined","timestamp":"2025-06-12 10:29:06"}
{"level":"info","message":"[likePost] Failed with error: Not found","timestamp":"2025-06-12 10:44:34"}
{"level":"info","message":"[likePost] Failed with error: Not found","timestamp":"2025-06-12 10:46:24"}
{"level":"info","message":"[likePost] Failed with error: Not found","timestamp":"2025-06-12 10:47:21"}
{"level":"info","message":"[likePost] Failed with error: Not found","timestamp":"2025-06-12 10:47:25"}
{"level":"info","message":"[likePost] Failed with error: Not found","timestamp":"2025-06-12 10:48:52"}
